<?xml version="1.0" encoding="utf-8" ?>
<!DOCTYPE html PUBLIC "-//W3C//DTD XHTML 1.0 Strict//EN"
        "http://www.w3.org/TR/xhtml1/DTD/xhtml1-strict.dtd">
<html xmlns="http://www.w3.org/1999/xhtml" xml:lang="" lang="">
<head>
  <title>Test Results Report - Run on Firefox</title>
  <meta http-equiv="Content-Type" content="text/html;charset=utf-8" />
  <meta name="description" content="TestNG unit test results." />
  <link href="reportng.css" rel="stylesheet" type="text/css" />
    <script type="text/javascript" src="reportng.js"></script>
</head>
<body>
<h1>Run on Firefox</h1>
<p>
  Test duration: 6.254s
</p>



  <table class="resultsTable">
    <tr><th colspan="3" class="header failed">Failed Tests</th></tr>
          <tr>
        <td colspan="3" class="group">com.nopcommerce.account.Level15_Assert_Verify</td>
      </tr>
            
<tr>
  <td class="method">
                  User_01_Register_Empty_Data
      </td>
  <td class="duration">
    0.841s
  </td>
  <td class="result">
        
    
            <div class="testOutput">
                        User_01_Register_Empty_Data - STEP 01: Open Register page
                                User_01_Register_Empty_Data - STEP 02: Click to Register button
                                User_01_Register_Empty_Data - STEP 03: Verify first name error msg
                                ------------Fail------------
                                User_01_Register_Empty_Data - STEP 04: Verify LastName error msg
                                ------------Fail------------
                                User_01_Register_Empty_Data - STEP 05: Verify Email error msg
                                ------------Passed------------
                                <br><a target="_blank" href="file:///C:\Users\TugAh\Documents\AutomationTesting31\nopcommerce\ReportNGScreenShots\User_01_Register_Empty_Data_02_11_2024_12_32_49.png"><img src="file:///C:\Users\TugAh\Documents\AutomationTesting31\nopcommerce\ReportNGScreenShots\User_01_Register_Empty_Data_02_11_2024_12_32_49.png" height='100' width='150'/> </a></br>
                  </div>
    

        <a href="javascript:toggleElement('exception-0', 'block')" title="Click to expand/collapse"><b>java.lang.Throwable: Multiple failures (2):<br/>
Failure 1 of 2<br/>
java.lang.AssertionError: expected [First NAME is required.] but found [First name is required.]<br/>
	at org.testng.Assert.fail(Assert.java:111)<br/>
	at org.testng.Assert.failNotEquals(Assert.java:1578)<br/>
	at org.testng.Assert.assertEqualsImpl(Assert.java:150)<br/>
	at org.testng.Assert.assertEquals(Assert.java:132)<br/>
	at org.testng.Assert.assertEquals(Assert.java:644)<br/>
	at commons.BaseTest.verifyEqual(BaseTest.java:178)<br/>
	at com.nopcommerce.account.Level15_Assert_Verify.User_01_Register_Empty_Data(Level15_Assert_Verify.java:61)<br/>
	at java.base/jdk.internal.reflect.DirectMethodHandleAccessor.invoke(DirectMethodHandleAccessor.java:103)<br/>
	at java.base/java.lang.reflect.Method.invoke(Method.java:580)<br/>
	at org.testng.internal.invokers.MethodInvocationHelper.invokeMethod(MethodInvocationHelper.java:141)<br/>
	at org.testng.internal.invokers.TestInvoker.invokeMethod(TestInvoker.java:686)<br/>
	at org.testng.internal.invokers.TestInvoker.invokeTestMethod(TestInvoker.java:230)<br/>
	at org.testng.internal.invokers.MethodRunner.runInSequence(MethodRunner.java:63)<br/>
	at org.testng.internal.invokers.TestInvoker$MethodInvocationAgent.invoke(TestInvoker.java:992)<br/>
	at org.testng.internal.invokers.TestInvoker.invokeTestMethods(TestInvoker.java:203)<br/>
	at org.testng.internal.invokers.TestMethodWorker.invokeTestMethods(TestMethodWorker.java:154)<br/>
	at org.testng.internal.invokers.TestMethodWorker.run(TestMethodWorker.java:134)<br/>
	at java.base/java.util.ArrayList.forEach(ArrayList.java:1596)<br/>
	at org.testng.TestRunner.privateRun(TestRunner.java:739)<br/>
	at org.testng.TestRunner.run(TestRunner.java:614)<br/>
	at org.testng.SuiteRunner.runTest(SuiteRunner.java:421)<br/>
	at org.testng.SuiteRunner.runSequentially(SuiteRunner.java:413)<br/>
	at org.testng.SuiteRunner.privateRun(SuiteRunner.java:373)<br/>
	at org.testng.SuiteRunner.run(SuiteRunner.java:312)<br/>
	at org.testng.SuiteRunnerWorker.runSuite(SuiteRunnerWorker.java:52)<br/>
	at org.testng.SuiteRunnerWorker.run(SuiteRunnerWorker.java:95)<br/>
	at org.testng.TestNG.runSuitesSequentially(TestNG.java:1274)<br/>
	at org.testng.TestNG.runSuitesLocally(TestNG.java:1208)<br/>
	at org.testng.TestNG.runSuites(TestNG.java:1112)<br/>
	at org.testng.TestNG.run(TestNG.java:1079)<br/>
	at com.intellij.rt.testng.IDEARemoteTestNG.run(IDEARemoteTestNG.java:65)<br/>
	at com.intellij.rt.testng.RemoteTestNGStarter.main(RemoteTestNGStarter.java:105)<br/>
<br/>
Failure 2 of 2<br/>
java.lang.AssertionError: expected [Last name is requir3ed.] but found [Last name is required.]</b></a><br />
    <div class="stackTrace" id="exception-0">
              org.testng.Assert.fail(Assert.java:111)<br />
              org.testng.Assert.failNotEquals(Assert.java:1578)<br />
              org.testng.Assert.assertEqualsImpl(Assert.java:150)<br />
              org.testng.Assert.assertEquals(Assert.java:132)<br />
              org.testng.Assert.assertEquals(Assert.java:644)<br />
              commons.BaseTest.verifyEqual(BaseTest.java:178)<br />
              com.nopcommerce.account.Level15_Assert_Verify.User_01_Register_Empty_Data(Level15_Assert_Verify.java:65)<br />
              java.base/jdk.internal.reflect.DirectMethodHandleAccessor.invoke(DirectMethodHandleAccessor.java:103)<br />
              java.base/java.lang.reflect.Method.invoke(Method.java:580)<br />
              org.testng.internal.invokers.MethodInvocationHelper.invokeMethod(MethodInvocationHelper.java:141)<br />
              org.testng.internal.invokers.TestInvoker.invokeMethod(TestInvoker.java:686)<br />
              org.testng.internal.invokers.TestInvoker.invokeTestMethod(TestInvoker.java:230)<br />
              org.testng.internal.invokers.MethodRunner.runInSequence(MethodRunner.java:63)<br />
              org.testng.internal.invokers.TestInvoker$MethodInvocationAgent.invoke(TestInvoker.java:992)<br />
              org.testng.internal.invokers.TestInvoker.invokeTestMethods(TestInvoker.java:203)<br />
              org.testng.internal.invokers.TestMethodWorker.invokeTestMethods(TestMethodWorker.java:154)<br />
              org.testng.internal.invokers.TestMethodWorker.run(TestMethodWorker.java:134)<br />
              java.base/java.util.ArrayList.forEach(ArrayList.java:1596)<br />
              org.testng.TestRunner.privateRun(TestRunner.java:739)<br />
              org.testng.TestRunner.run(TestRunner.java:614)<br />
              org.testng.SuiteRunner.runTest(SuiteRunner.java:421)<br />
              org.testng.SuiteRunner.runSequentially(SuiteRunner.java:413)<br />
              org.testng.SuiteRunner.privateRun(SuiteRunner.java:373)<br />
              org.testng.SuiteRunner.run(SuiteRunner.java:312)<br />
              org.testng.SuiteRunnerWorker.runSuite(SuiteRunnerWorker.java:52)<br />
              org.testng.SuiteRunnerWorker.run(SuiteRunnerWorker.java:95)<br />
              org.testng.TestNG.runSuitesSequentially(TestNG.java:1274)<br />
              org.testng.TestNG.runSuitesLocally(TestNG.java:1208)<br />
              org.testng.TestNG.runSuites(TestNG.java:1112)<br />
              org.testng.TestNG.run(TestNG.java:1079)<br />
              com.intellij.rt.testng.IDEARemoteTestNG.run(IDEARemoteTestNG.java:65)<br />
              com.intellij.rt.testng.RemoteTestNGStarter.main(RemoteTestNGStarter.java:105)<br />
                </div>
      </td>
</tr>
      </table>


  
</body>
</html>
